<?xml version="1.0" encoding="UTF-8"?>
<testng-results skipped="0" failed="0" ignored="0" total="1" passed="1">
  <reporter-output>
  </reporter-output>
  <suite name="Default suite" duration-ms="19224" started-at="2018-11-25T05:07:17Z" finished-at="2018-11-25T05:07:36Z">
    <groups>
    </groups>
    <test name="Default test" duration-ms="19224" started-at="2018-11-25T05:07:17Z" finished-at="2018-11-25T05:07:36Z">
      <class name="com.testcase.Testcase">
        <test-method status="PASS" signature="launchBrowser()[pri:0, instance:com.testcase.Testcase@cc285f4]" name="launchBrowser" duration-ms="19188" started-at="2018-11-25T05:07:17Z" finished-at="2018-11-25T05:07:36Z">
          <reporter-output>
          </reporter-output>
        </test-method> <!-- launchBrowser -->
      </class> <!-- com.testcase.Testcase -->
    </test> <!-- Default test -->
  </suite> <!-- Default suite -->
</testng-results>
